Using pre-set license
Built from '2021.3/staging' branch; Version is '2021.3.5f1 (40eb3a945986) revision 4254522'; Using compiler version '192829333'; Build Type 'Release'
OS: 'Windows 11  (10.0.22000) 64bit Professional' Language: 'ko' Physical Memory: 15659 MB
BatchMode: 1, IsHumanControllingUs: 0, StartBugReporterOnCrash: 0, Is64bit: 1, IsPro: 1

COMMAND LINE ARGUMENTS:
C:\Program Files\Unity\Hub\Editor\2021.3.5f1\Editor\Unity.exe
-adb2
-batchMode
-noUpm
-name
AssetImportWorker4
-projectPath
C:/Metaverse_KYH/Unity/Creaters
-logFile
Logs/AssetImportWorker4.log
-srvPort
55173
Successfully changed project path to: C:/Metaverse_KYH/Unity/Creaters
C:/Metaverse_KYH/Unity/Creaters
[UnityMemory] Configuration Parameters - Can be set up in boot.config
    "memorysetup-bucket-allocator-granularity=16"
    "memorysetup-bucket-allocator-bucket-count=8"
    "memorysetup-bucket-allocator-block-size=33554432"
    "memorysetup-bucket-allocator-block-count=8"
    "memorysetup-main-allocator-block-size=16777216"
    "memorysetup-thread-allocator-block-size=16777216"
    "memorysetup-gfx-main-allocator-block-size=16777216"
    "memorysetup-gfx-thread-allocator-block-size=16777216"
    "memorysetup-cache-allocator-block-size=4194304"
    "memorysetup-typetree-allocator-block-size=2097152"
    "memorysetup-profiler-bucket-allocator-granularity=16"
    "memorysetup-profiler-bucket-allocator-bucket-count=8"
    "memorysetup-profiler-bucket-allocator-block-size=33554432"
    "memorysetup-profiler-bucket-allocator-block-count=8"
    "memorysetup-profiler-allocator-block-size=16777216"
    "memorysetup-profiler-editor-allocator-block-size=1048576"
    "memorysetup-temp-allocator-size-main=16777216"
    "memorysetup-job-temp-allocator-block-size=2097152"
    "memorysetup-job-temp-allocator-block-size-background=1048576"
    "memorysetup-job-temp-allocator-reduction-small-platforms=262144"
    "memorysetup-temp-allocator-size-background-worker=32768"
    "memorysetup-temp-allocator-size-job-worker=262144"
    "memorysetup-temp-allocator-size-preload-manager=33554432"
    "memorysetup-temp-allocator-size-nav-mesh-worker=65536"
    "memorysetup-temp-allocator-size-audio-worker=65536"
    "memorysetup-temp-allocator-size-cloud-worker=32768"
    "memorysetup-temp-allocator-size-gi-baking-worker=262144"
    "memorysetup-temp-allocator-size-gfx=262144"
Refreshing native plugins compatible for Editor in 78.21 ms, found 3 plugins.
Preloading 0 native plugins for Editor in 0.00 ms.
Initialize engine version: 2021.3.5f1 (40eb3a945986)
[Subsystems] Discovering subsystems at path C:/Program Files/Unity/Hub/Editor/2021.3.5f1/Editor/Data/Resources/UnitySubsystems
[Subsystems] Discovering subsystems at path C:/Metaverse_KYH/Unity/Creaters/Assets
GfxDevice: creating device client; threaded=0; jobified=0
Direct3D:
    Version:  Direct3D 11.0 [level 11.1]
    Renderer: AMD Radeon(TM) Graphics (ID=0x1638)
    Vendor:   ATI
    VRAM:     7829 MB
    Driver:   30.0.13014.8
Initialize mono
Mono path[0] = 'C:/Program Files/Unity/Hub/Editor/2021.3.5f1/Editor/Data/Managed'
Mono path[1] = 'C:/Program Files/Unity/Hub/Editor/2021.3.5f1/Editor/Data/MonoBleedingEdge/lib/mono/unityjit-win32'
Mono config path = 'C:/Program Files/Unity/Hub/Editor/2021.3.5f1/Editor/Data/MonoBleedingEdge/etc'
Using monoOptions --debugger-agent=transport=dt_socket,embedding=1,server=y,suspend=n,address=127.0.0.1:56260
Begin MonoManager ReloadAssembly
Registering precompiled unity dll's ...
Register platform support module: C:/Program Files/Unity/Hub/Editor/2021.3.5f1/Editor/Data/PlaybackEngines/AndroidPlayer/UnityEditor.Android.Extensions.dll
Register platform support module: C:/Program Files/Unity/Hub/Editor/2021.3.5f1/Editor/Data/PlaybackEngines/WindowsStandaloneSupport/UnityEditor.WindowsStandalone.Extensions.dll
Registered in 0.004381 seconds.
Native extension for WindowsStandalone target not found
Native extension for Android target not found
Refreshing native plugins compatible for Editor in 82.96 ms, found 3 plugins.
Preloading 0 native plugins for Editor in 0.00 ms.
Mono: successfully reloaded assembly
- Completed reload, in  0.598 seconds
Domain Reload Profiling:
	ReloadAssembly (599ms)
		BeginReloadAssembly (62ms)
			ExecutionOrderSort (0ms)
			DisableScriptedObjects (0ms)
			BackupInstance (0ms)
			ReleaseScriptingObjects (0ms)
			CreateAndSetChildDomain (1ms)
		EndReloadAssembly (436ms)
			LoadAssemblies (60ms)
			RebuildTransferFunctionScriptingTraits (0ms)
			SetupTypeCache (100ms)
			ReleaseScriptCaches (0ms)
			RebuildScriptCaches (22ms)
			SetupLoadedEditorAssemblies (266ms)
				LogAssemblyErrors (0ms)
				InitializePlatformSupportModulesInManaged (50ms)
				SetLoadedEditorAssemblies (0ms)
				RefreshPlugins (83ms)
				BeforeProcessingInitializeOnLoad (1ms)
				ProcessInitializeOnLoadAttributes (91ms)
				ProcessInitializeOnLoadMethodAttributes (41ms)
				AfterProcessingInitializeOnLoad (0ms)
				EditorAssembliesLoaded (0ms)
			ExecutionOrderSort2 (0ms)
			AwakeInstancesAfterBackupRestoration (0ms)
Platform modules already initialized, skipping
Registering precompiled user dll's ...
Registered in 0.004360 seconds.
Begin MonoManager ReloadAssembly
Symbol file LoadedFromMemory doesn't match image C:\Metaverse_KYH\Unity\Creaters\Library\PackageCache\com.unity.visualscripting@1.7.8\Editor\VisualScripting.Core\Dependencies\YamlDotNet\Unity.VisualScripting.YamlDotNet.dll
Symbol file LoadedFromMemory doesn't match image C:\Metaverse_KYH\Unity\Creaters\Library\PackageCache\com.unity.visualscripting@1.7.8\Editor\VisualScripting.Core\Dependencies\DotNetZip\Unity.VisualScripting.IonicZip.dll
Native extension for WindowsStandalone target not found
Native extension for Android target not found
Refreshing native plugins compatible for Editor in 0.71 ms, found 3 plugins.
Preloading 0 native plugins for Editor in 0.00 ms.
Mono: successfully reloaded assembly
- Completed reload, in  0.883 seconds
Domain Reload Profiling:
	ReloadAssembly (884ms)
		BeginReloadAssembly (186ms)
			ExecutionOrderSort (0ms)
			DisableScriptedObjects (5ms)
			BackupInstance (0ms)
			ReleaseScriptingObjects (0ms)
			CreateAndSetChildDomain (122ms)
		EndReloadAssembly (610ms)
			LoadAssemblies (59ms)
			RebuildTransferFunctionScriptingTraits (0ms)
			SetupTypeCache (194ms)
			ReleaseScriptCaches (0ms)
			RebuildScriptCaches (39ms)
			SetupLoadedEditorAssemblies (283ms)
				LogAssemblyErrors (0ms)
				InitializePlatformSupportModulesInManaged (11ms)
				SetLoadedEditorAssemblies (0ms)
				RefreshPlugins (1ms)
				BeforeProcessingInitializeOnLoad (66ms)
				ProcessInitializeOnLoadAttributes (180ms)
				ProcessInitializeOnLoadMethodAttributes (21ms)
				AfterProcessingInitializeOnLoad (4ms)
				EditorAssembliesLoaded (0ms)
			ExecutionOrderSort2 (0ms)
			AwakeInstancesAfterBackupRestoration (4ms)
Platform modules already initialized, skipping
========================================================================
Worker process is ready to serve import requests
Launched and connected shader compiler UnityShaderCompiler.exe after 0.03 seconds
Refreshing native plugins compatible for Editor in 0.73 ms, found 3 plugins.
Preloading 0 native plugins for Editor in 0.00 ms.
Unloading 3392 Unused Serialized files (Serialized files now loaded: 0)
Unloading 27 unused Assets / (111.8 KB). Loaded Objects now: 3853.
Memory consumption went from 125.6 MB to 125.5 MB.
Total: 2.730700 ms (FindLiveObjects: 0.218600 ms CreateObjectMapping: 0.088200 ms MarkObjects: 2.297900 ms  DeleteObjects: 0.124700 ms)

AssetImportParameters requested are different than current active one (requested -> active):
  custom:video-decoder-ogg-theora: a1e56fd34408186e4bbccfd4996cb3dc -> 
  custom:container-muxer-webm: aa71ff27fc2769a1b78a27578f13a17b -> 
  custom:container-demuxer-webm: 4f35f7cbe854078d1ac9338744f61a02 -> 
  custom:video-encoder-webm-vp8: eb34c28f22e8b96e1ab97ce403110664 -> 
  custom:audio-encoder-webm-vorbis: bf7c407c2cedff20999df2af8eb42d56 -> 
  custom:framework-win-MediaFoundation: 216162199b28c13a410421893ffa2e32 -> 
  custom:container-demuxer-ogg: 62fdf1f143b41e24485cea50d1cbac27 -> 
  custom:video-decoder-webm-vp8: 9c59270c3fd7afecdb556c50c9e8de78 -> 
  custom:audio-decoder-ogg-vorbis: bf7c407c2cedff20999df2af8eb42d56 -> 
========================================================================
Received Import Request.
  Time since last request: 702300.657421 seconds.
  path: Assets/unity-chan!/Unity-chan! Model/Art/Animations/Animators
  artifactKey: Guid(c8838c29f8f5f47ce889e797aef95a3a) Importer(815301076,1909f56bfc062723c751e8b465ee728b)
Start importing Assets/unity-chan!/Unity-chan! Model/Art/Animations/Animators using Guid(c8838c29f8f5f47ce889e797aef95a3a) Importer(815301076,1909f56bfc062723c751e8b465ee728b)  -> (artifact id: '5c1407b5c40eb52ee0d3801714f1592c') in 0.010808 seconds 
========================================================================
Received Import Request.
  Time since last request: 4.599926 seconds.
  path: Assets/unity-chan!/Unity-chan! Model/Art/Animations/FaceAnimation/face only mask.mask
  artifactKey: Guid(c6893d99d338240cd834967aa6448379) Importer(815301076,1909f56bfc062723c751e8b465ee728b)
Start importing Assets/unity-chan!/Unity-chan! Model/Art/Animations/FaceAnimation/face only mask.mask using Guid(c6893d99d338240cd834967aa6448379) Importer(815301076,1909f56bfc062723c751e8b465ee728b)  -> (artifact id: 'e752c7ef9f9361542b2d08b5a3416e92') in 0.022565 seconds 
========================================================================
Received Import Request.
  Time since last request: 1.611170 seconds.
  path: Assets/unity-chan!/Unity-chan! Model/Art/Materials/body.mat
  artifactKey: Guid(bb570020a8c3bad4bbf803af20e78937) Importer(815301076,1909f56bfc062723c751e8b465ee728b)
Start importing Assets/unity-chan!/Unity-chan! Model/Art/Materials/body.mat using Guid(bb570020a8c3bad4bbf803af20e78937) Importer(815301076,1909f56bfc062723c751e8b465ee728b)  -> (artifact id: 'c9e60b6a263c066d664853d4ceccc0f9') in 0.123149 seconds 
========================================================================
Received Import Request.
  Time since last request: 0.000027 seconds.
  path: Assets/unity-chan!/Unity-chan! Model/Art/Materials/hair.mat
  artifactKey: Guid(5ebb6caef8207d243a588a574971408c) Importer(815301076,1909f56bfc062723c751e8b465ee728b)
Start importing Assets/unity-chan!/Unity-chan! Model/Art/Materials/hair.mat using Guid(5ebb6caef8207d243a588a574971408c) Importer(815301076,1909f56bfc062723c751e8b465ee728b)  -> (artifact id: '28471bb58c8fa575bd9a10efaae1bdf6') in 0.060017 seconds 
========================================================================
Received Import Request.
  Time since last request: 0.000024 seconds.
  path: Assets/unity-chan!/Unity-chan! Model/Art/Materials/eyeline.mat
  artifactKey: Guid(407f97b032a277c44b753ed1c256a3b8) Importer(815301076,1909f56bfc062723c751e8b465ee728b)
Start importing Assets/unity-chan!/Unity-chan! Model/Art/Materials/eyeline.mat using Guid(407f97b032a277c44b753ed1c256a3b8) Importer(815301076,1909f56bfc062723c751e8b465ee728b)  -> (artifact id: '362cec8b3e8e69045b9179b4c295be74') in 0.046206 seconds 
========================================================================
Received Import Request.
  Time since last request: 1.123214 seconds.
  path: Assets/unity-chan!/Unity-chan! Model/Art/Models/BoxUnityChan.fbx
  artifactKey: Guid(d6dad0fb52ba12f458cc7ffb66882391) Importer(815301076,1909f56bfc062723c751e8b465ee728b)
Start importing Assets/unity-chan!/Unity-chan! Model/Art/Models/BoxUnityChan.fbx using Guid(d6dad0fb52ba12f458cc7ffb66882391) Importer(815301076,1909f56bfc062723c751e8b465ee728b)  -> (artifact id: 'f7f8fdd697f7c6dfadea5dcfea684bc0') in 0.231150 seconds 
========================================================================
Received Import Request.
  Time since last request: 34.683765 seconds.
  path: Assets/unity-chan!/Unity-chan! Model/Art/Stage/Materials
  artifactKey: Guid(0cf9cebbc81b1463ab6d198506143d28) Importer(815301076,1909f56bfc062723c751e8b465ee728b)
Start importing Assets/unity-chan!/Unity-chan! Model/Art/Stage/Materials using Guid(0cf9cebbc81b1463ab6d198506143d28) Importer(815301076,1909f56bfc062723c751e8b465ee728b)  -> (artifact id: 'cc83857e5f4e8a9a0fe86419868d7a61') in 0.006175 seconds 
========================================================================
Received Import Request.
  Time since last request: 0.061952 seconds.
  path: Assets/unity-chan!/Unity-chan! Model/Art/Stage/Materials/unitychan_tile3.mat
  artifactKey: Guid(00343d49c7d05416cb4a5bddf12aa90d) Importer(815301076,1909f56bfc062723c751e8b465ee728b)
Start importing Assets/unity-chan!/Unity-chan! Model/Art/Stage/Materials/unitychan_tile3.mat using Guid(00343d49c7d05416cb4a5bddf12aa90d) Importer(815301076,1909f56bfc062723c751e8b465ee728b)  -> (artifact id: '244f969a4e0ccfe5bc4aac1fbb10803c') in 0.087817 seconds 
========================================================================
Received Import Request.
  Time since last request: 0.000022 seconds.
  path: Assets/unity-chan!/Unity-chan! Model/Art/Stage/Materials/unitychan_tile6.mat
  artifactKey: Guid(330274cf2c5de4464a4b4b243b59e371) Importer(815301076,1909f56bfc062723c751e8b465ee728b)
Start importing Assets/unity-chan!/Unity-chan! Model/Art/Stage/Materials/unitychan_tile6.mat using Guid(330274cf2c5de4464a4b4b243b59e371) Importer(815301076,1909f56bfc062723c751e8b465ee728b)  -> (artifact id: '0f084c5405614a2f311fe4778fe7ef6e') in 0.013168 seconds 
========================================================================
Received Import Request.
  Time since last request: 2.142189 seconds.
  path: Assets/unity-chan!/Unity-chan! Model/Art/Stage/Textures/unitychan_tile3.png
  artifactKey: Guid(0c13bdfc1ad5def4aa6650ca8a1568e5) Importer(815301076,1909f56bfc062723c751e8b465ee728b)
Start importing Assets/unity-chan!/Unity-chan! Model/Art/Stage/Textures/unitychan_tile3.png using Guid(0c13bdfc1ad5def4aa6650ca8a1568e5) Importer(815301076,1909f56bfc062723c751e8b465ee728b)  -> (artifact id: '16f300b0220072d54ad10f4f591023e8') in 0.019105 seconds 
========================================================================
Received Import Request.
  Time since last request: 9.318091 seconds.
  path: Assets/unity-chan!/Unity-chan! Model/Art/UnityChanShader/Materials/body.mat
  artifactKey: Guid(3b399c72488294c53b66f39632a8fe8b) Importer(815301076,1909f56bfc062723c751e8b465ee728b)
Start importing Assets/unity-chan!/Unity-chan! Model/Art/UnityChanShader/Materials/body.mat using Guid(3b399c72488294c53b66f39632a8fe8b) Importer(815301076,1909f56bfc062723c751e8b465ee728b)  -> (artifact id: '47a03e513abfd488c41f79f86aadba00') in 0.013494 seconds 
========================================================================
Received Import Request.
  Time since last request: 0.000023 seconds.
  path: Assets/unity-chan!/Unity-chan! Model/Art/UnityChanShader/Materials/skin1.mat
  artifactKey: Guid(4b91d906c72fd4447bfabbdd767e31ad) Importer(815301076,1909f56bfc062723c751e8b465ee728b)
Start importing Assets/unity-chan!/Unity-chan! Model/Art/UnityChanShader/Materials/skin1.mat using Guid(4b91d906c72fd4447bfabbdd767e31ad) Importer(815301076,1909f56bfc062723c751e8b465ee728b)  -> (artifact id: '3fb5d9f57afc96a17e243521991e008f') in 0.039418 seconds 
========================================================================
Received Import Request.
  Time since last request: 0.822803 seconds.
  path: Assets/unity-chan!/Unity-chan! Model/Art/UnityChanShader/Shader/CharaMain.cg
  artifactKey: Guid(c3d0f1648f39e1a408ca5a56b25e96bf) Importer(815301076,1909f56bfc062723c751e8b465ee728b)
Start importing Assets/unity-chan!/Unity-chan! Model/Art/UnityChanShader/Shader/CharaMain.cg using Guid(c3d0f1648f39e1a408ca5a56b25e96bf) Importer(815301076,1909f56bfc062723c751e8b465ee728b)  -> (artifact id: '9230d2ebbf96080e06bc4346ae99aeaa') in 0.007512 seconds 
========================================================================
Received Import Request.
  Time since last request: 0.698101 seconds.
  path: Assets/unity-chan!/Unity-chan! Model/Art/UnityChanShader/Texture/body_01.tga
  artifactKey: Guid(f9c6074c5a78e71448f9efd3013cadda) Importer(815301076,1909f56bfc062723c751e8b465ee728b)
Start importing Assets/unity-chan!/Unity-chan! Model/Art/UnityChanShader/Texture/body_01.tga using Guid(f9c6074c5a78e71448f9efd3013cadda) Importer(815301076,1909f56bfc062723c751e8b465ee728b)  -> (artifact id: 'fa7afc622fbccd0f377cd3b17c69d9ee') in 0.077264 seconds 
========================================================================
Received Import Request.
  Time since last request: 0.000032 seconds.
  path: Assets/unity-chan!/Unity-chan! Model/Art/UnityChanShader/Texture/FO_CLOTH1.tga
  artifactKey: Guid(cc8f70f2ec571e9478efa98c041cde7b) Importer(815301076,1909f56bfc062723c751e8b465ee728b)
Start importing Assets/unity-chan!/Unity-chan! Model/Art/UnityChanShader/Texture/FO_CLOTH1.tga using Guid(cc8f70f2ec571e9478efa98c041cde7b) Importer(815301076,1909f56bfc062723c751e8b465ee728b)  -> (artifact id: '8eaf90b82404b825924d8915fbad0c1d') in 0.009631 seconds 
========================================================================
Received Import Request.
  Time since last request: 0.000036 seconds.
  path: Assets/unity-chan!/Unity-chan! Model/Art/UnityChanShader/Texture/eye_iris_R_00.tga
  artifactKey: Guid(7521661d2d6cebb479dea03e7336e5de) Importer(815301076,1909f56bfc062723c751e8b465ee728b)
Start importing Assets/unity-chan!/Unity-chan! Model/Art/UnityChanShader/Texture/eye_iris_R_00.tga using Guid(7521661d2d6cebb479dea03e7336e5de) Importer(815301076,1909f56bfc062723c751e8b465ee728b)  -> (artifact id: 'e88a504049fc09e1f49f718387305ac3') in 0.012185 seconds 
========================================================================
Received Import Request.
  Time since last request: 0.000018 seconds.
  path: Assets/unity-chan!/Unity-chan! Model/Art/UnityChanShader/Texture/FO_SKIN1.tga
  artifactKey: Guid(a1d5b2277eb3f6245900378e6fa97575) Importer(815301076,1909f56bfc062723c751e8b465ee728b)
Start importing Assets/unity-chan!/Unity-chan! Model/Art/UnityChanShader/Texture/FO_SKIN1.tga using Guid(a1d5b2277eb3f6245900378e6fa97575) Importer(815301076,1909f56bfc062723c751e8b465ee728b)  -> (artifact id: '24113c881aba6080368bb78ac65a10ae') in 0.010427 seconds 
========================================================================
Received Import Request.
  Time since last request: 0.000026 seconds.
  path: Assets/unity-chan!/Unity-chan! Model/Art/UnityChanShader/Texture/hair_01_NRM.tga
  artifactKey: Guid(9eea3b9b4b755f64da2c821145616f44) Importer(815301076,1909f56bfc062723c751e8b465ee728b)
Start importing Assets/unity-chan!/Unity-chan! Model/Art/UnityChanShader/Texture/hair_01_NRM.tga using Guid(9eea3b9b4b755f64da2c821145616f44) Importer(815301076,1909f56bfc062723c751e8b465ee728b)  -> (artifact id: '0368f16f1bd8451d834b87879961f098') in 0.012755 seconds 
========================================================================
Received Import Request.
  Time since last request: 0.000015 seconds.
  path: Assets/unity-chan!/Unity-chan! Model/Art/UnityChanShader/Texture/guide.tga
  artifactKey: Guid(d04d722a0c808412ea85876950eec517) Importer(815301076,1909f56bfc062723c751e8b465ee728b)
Start importing Assets/unity-chan!/Unity-chan! Model/Art/UnityChanShader/Texture/guide.tga using Guid(d04d722a0c808412ea85876950eec517) Importer(815301076,1909f56bfc062723c751e8b465ee728b)  -> (artifact id: '5b0e1c264052364b3fe20afe624740af') in 0.012376 seconds 
========================================================================
Received Import Request.
  Time since last request: 4.783076 seconds.
  path: Assets/unity-chan!/Unity-chan! Model/Audio/Voice/univ0001.wav
  artifactKey: Guid(eed2451bbd4264da8b6c27c92df62faf) Importer(815301076,1909f56bfc062723c751e8b465ee728b)
Start importing Assets/unity-chan!/Unity-chan! Model/Audio/Voice/univ0001.wav using Guid(eed2451bbd4264da8b6c27c92df62faf) Importer(815301076,1909f56bfc062723c751e8b465ee728b)  -> (artifact id: '37cf3a85fc5d8c42a389c28552d589a5') in 0.023976 seconds 
========================================================================
Received Import Request.
  Time since last request: 0.000021 seconds.
  path: Assets/unity-chan!/Unity-chan! Model/Audio/Voice/univ0034.wav
  artifactKey: Guid(c035a7f37428c489999077c2be83e594) Importer(815301076,1909f56bfc062723c751e8b465ee728b)
Start importing Assets/unity-chan!/Unity-chan! Model/Audio/Voice/univ0034.wav using Guid(c035a7f37428c489999077c2be83e594) Importer(815301076,1909f56bfc062723c751e8b465ee728b)  -> (artifact id: 'a9ee27b1c57dab32942d4b8de93bd946') in 0.010916 seconds 
========================================================================
Received Import Request.
  Time since last request: 0.000016 seconds.
  path: Assets/unity-chan!/Unity-chan! Model/Audio/Voice/univ0005.wav
  artifactKey: Guid(687990b2a12cc4b6db34fdeceb9b8636) Importer(815301076,1909f56bfc062723c751e8b465ee728b)
Start importing Assets/unity-chan!/Unity-chan! Model/Audio/Voice/univ0005.wav using Guid(687990b2a12cc4b6db34fdeceb9b8636) Importer(815301076,1909f56bfc062723c751e8b465ee728b)  -> (artifact id: 'e5064a30605e48db89a35db9cba9d548') in 0.010582 seconds 
========================================================================
Received Import Request.
  Time since last request: 0.000016 seconds.
  path: Assets/unity-chan!/Unity-chan! Model/Audio/Voice/univ0007.wav
  artifactKey: Guid(d721cf72523c74b5b937bd0a354fdd40) Importer(815301076,1909f56bfc062723c751e8b465ee728b)
Start importing Assets/unity-chan!/Unity-chan! Model/Audio/Voice/univ0007.wav using Guid(d721cf72523c74b5b937bd0a354fdd40) Importer(815301076,1909f56bfc062723c751e8b465ee728b)  -> (artifact id: '315dcbb04d67f9cba49404492b42b251') in 0.011410 seconds 
========================================================================
Received Import Request.
  Time since last request: 0.000018 seconds.
  path: Assets/unity-chan!/Unity-chan! Model/Audio/Voice/univ0009.wav
  artifactKey: Guid(9fac2d685a3ce48f0b3ec4ed05101df6) Importer(815301076,1909f56bfc062723c751e8b465ee728b)
Start importing Assets/unity-chan!/Unity-chan! Model/Audio/Voice/univ0009.wav using Guid(9fac2d685a3ce48f0b3ec4ed05101df6) Importer(815301076,1909f56bfc062723c751e8b465ee728b)  -> (artifact id: '1785b707af1083af9d087ec64e57e33b') in 0.013781 seconds 
========================================================================
Received Import Request.
  Time since last request: 0.000020 seconds.
  path: Assets/unity-chan!/Unity-chan! Model/Audio/Voice/univ0017.wav
  artifactKey: Guid(38086510adb034e45ac30ca6ed62e49a) Importer(815301076,1909f56bfc062723c751e8b465ee728b)
Start importing Assets/unity-chan!/Unity-chan! Model/Audio/Voice/univ0017.wav using Guid(38086510adb034e45ac30ca6ed62e49a) Importer(815301076,1909f56bfc062723c751e8b465ee728b)  -> (artifact id: '422d49a792ccb86824abb6bc558ae72b') in 0.012335 seconds 
========================================================================
Received Import Request.
  Time since last request: 0.000014 seconds.
  path: Assets/unity-chan!/Unity-chan! Model/Audio/Voice/univ0020.wav
  artifactKey: Guid(58be6e1f7db214607a51dc56cff4ee13) Importer(815301076,1909f56bfc062723c751e8b465ee728b)
Start importing Assets/unity-chan!/Unity-chan! Model/Audio/Voice/univ0020.wav using Guid(58be6e1f7db214607a51dc56cff4ee13) Importer(815301076,1909f56bfc062723c751e8b465ee728b)  -> (artifact id: '4f748a1fc47b1889cec069c66169eb20') in 0.011954 seconds 
========================================================================
Received Import Request.
  Time since last request: 0.000018 seconds.
  path: Assets/unity-chan!/Unity-chan! Model/Audio/Voice/univ0029.wav
  artifactKey: Guid(9de474df5f96b4d6eb94dcb64eedc2a2) Importer(815301076,1909f56bfc062723c751e8b465ee728b)
Start importing Assets/unity-chan!/Unity-chan! Model/Audio/Voice/univ0029.wav using Guid(9de474df5f96b4d6eb94dcb64eedc2a2) Importer(815301076,1909f56bfc062723c751e8b465ee728b)  -> (artifact id: 'd8f1c5e59d494ff0fc4bc46a7359f4e3') in 0.010760 seconds 
========================================================================
Received Import Request.
  Time since last request: 0.000016 seconds.
  path: Assets/unity-chan!/Unity-chan! Model/Audio/Voice/univ0019.wav
  artifactKey: Guid(99a3b02904f254289a782ecf8e3063e2) Importer(815301076,1909f56bfc062723c751e8b465ee728b)
Start importing Assets/unity-chan!/Unity-chan! Model/Audio/Voice/univ0019.wav using Guid(99a3b02904f254289a782ecf8e3063e2) Importer(815301076,1909f56bfc062723c751e8b465ee728b)  -> (artifact id: '7f2bc73d4c3758b8f5bb4263d547175d') in 0.011463 seconds 
========================================================================
Received Import Request.
  Time since last request: 0.000018 seconds.
  path: Assets/unity-chan!/Unity-chan! Model/Audio/Voice/univ0038.wav
  artifactKey: Guid(6c3ad311026564be2bd05c73b93f49d6) Importer(815301076,1909f56bfc062723c751e8b465ee728b)
Start importing Assets/unity-chan!/Unity-chan! Model/Audio/Voice/univ0038.wav using Guid(6c3ad311026564be2bd05c73b93f49d6) Importer(815301076,1909f56bfc062723c751e8b465ee728b)  -> (artifact id: '2385130a047fcb42cc1660181d1bc7f4') in 0.011076 seconds 
========================================================================
Received Import Request.
  Time since last request: 0.000026 seconds.
  path: Assets/unity-chan!/Unity-chan! Model/Audio/Voice/univ0032.wav
  artifactKey: Guid(a27654062ee304795b0e41c64dae6685) Importer(815301076,1909f56bfc062723c751e8b465ee728b)
Start importing Assets/unity-chan!/Unity-chan! Model/Audio/Voice/univ0032.wav using Guid(a27654062ee304795b0e41c64dae6685) Importer(815301076,1909f56bfc062723c751e8b465ee728b)  -> (artifact id: 'abf93a9d21ff8d2cd29b976a141f3e2d') in 0.011261 seconds 
========================================================================
Received Import Request.
  Time since last request: 0.000017 seconds.
  path: Assets/unity-chan!/Unity-chan! Model/Audio/Voice/univ0030.wav
  artifactKey: Guid(5f1962b28971041f3b08aa2185cca6ae) Importer(815301076,1909f56bfc062723c751e8b465ee728b)
Start importing Assets/unity-chan!/Unity-chan! Model/Audio/Voice/univ0030.wav using Guid(5f1962b28971041f3b08aa2185cca6ae) Importer(815301076,1909f56bfc062723c751e8b465ee728b)  -> (artifact id: '780d3b7bf42836b795300dac7e528170') in 0.010204 seconds 
========================================================================
Received Import Request.
  Time since last request: 0.000026 seconds.
  path: Assets/unity-chan!/Unity-chan! Model/Audio/Voice/univ0027.wav
  artifactKey: Guid(39c15a2c77273494b9b02b228371d87b) Importer(815301076,1909f56bfc062723c751e8b465ee728b)
Start importing Assets/unity-chan!/Unity-chan! Model/Audio/Voice/univ0027.wav using Guid(39c15a2c77273494b9b02b228371d87b) Importer(815301076,1909f56bfc062723c751e8b465ee728b)  -> (artifact id: 'c6e780faf8f62d41fafdbbff737abb4d') in 0.011987 seconds 
========================================================================
Received Import Request.
  Time since last request: 0.000018 seconds.
  path: Assets/unity-chan!/Unity-chan! Model/Audio/Voice/univ0018.wav
  artifactKey: Guid(9386c5176a28d485f9f58d1031791d32) Importer(815301076,1909f56bfc062723c751e8b465ee728b)
Start importing Assets/unity-chan!/Unity-chan! Model/Audio/Voice/univ0018.wav using Guid(9386c5176a28d485f9f58d1031791d32) Importer(815301076,1909f56bfc062723c751e8b465ee728b)  -> (artifact id: '9f0d41991b82e7f891b9b4fb8c5f52fd') in 0.010493 seconds 
========================================================================
Received Import Request.
  Time since last request: 9.367748 seconds.
  path: Assets/unity-chan!/Unity-chan! Model/Prefabs/BoxUnityChan.prefab
  artifactKey: Guid(6788413dff62c534d8ca610faef3c7a2) Importer(815301076,1909f56bfc062723c751e8b465ee728b)
Start importing Assets/unity-chan!/Unity-chan! Model/Prefabs/BoxUnityChan.prefab using Guid(6788413dff62c534d8ca610faef3c7a2) Importer(815301076,1909f56bfc062723c751e8b465ee728b)  -> (artifact id: '7cee38408bd9ab297137194a485683d4') in 0.016133 seconds 
========================================================================
Received Import Request.
  Time since last request: 0.000021 seconds.
  path: Assets/unity-chan!/Unity-chan! Model/Prefabs/unitychan.prefab
  artifactKey: Guid(412b92d4feeb9c548bfa98f62c4d1022) Importer(815301076,1909f56bfc062723c751e8b465ee728b)
Start importing Assets/unity-chan!/Unity-chan! Model/Prefabs/unitychan.prefab using Guid(412b92d4feeb9c548bfa98f62c4d1022) Importer(815301076,1909f56bfc062723c751e8b465ee728b)  -> (artifact id: 'd0f30d64670396a2d1a58ceb0db86611') in 0.160613 seconds 
========================================================================
Received Import Request.
  Time since last request: 9.657377 seconds.
  path: Assets/unity-chan!/Unity-chan! Model/SplashScreen/Animators
  artifactKey: Guid(ac64b7c37e8944a1db284df03a7401b9) Importer(815301076,1909f56bfc062723c751e8b465ee728b)
Start importing Assets/unity-chan!/Unity-chan! Model/SplashScreen/Animators using Guid(ac64b7c37e8944a1db284df03a7401b9) Importer(815301076,1909f56bfc062723c751e8b465ee728b)  -> (artifact id: 'd53f5fe0f654c29b43b1c6d4ba085d6e') in 0.001784 seconds 
========================================================================
Received Import Request.
  Time since last request: 3.064584 seconds.
  path: Assets/unity-chan!/Unity-chan! Model/SplashScreen/Logo/Dark_Silhouette.png
  artifactKey: Guid(214f7e62633ee4585a55b459cc6d0f53) Importer(815301076,1909f56bfc062723c751e8b465ee728b)
Start importing Assets/unity-chan!/Unity-chan! Model/SplashScreen/Logo/Dark_Silhouette.png using Guid(214f7e62633ee4585a55b459cc6d0f53) Importer(815301076,1909f56bfc062723c751e8b465ee728b)  -> (artifact id: 'b3fcf2d3ae55339a60343469a146f40e') in 0.046741 seconds 
========================================================================
Received Import Request.
  Time since last request: 2.882932 seconds.
  path: Assets/unity-chan!/Unity-chan! Model/SplashScreen/Scripts
  artifactKey: Guid(0c7df6367c2bd4957b64453083168991) Importer(815301076,1909f56bfc062723c751e8b465ee728b)
Start importing Assets/unity-chan!/Unity-chan! Model/SplashScreen/Scripts using Guid(0c7df6367c2bd4957b64453083168991) Importer(815301076,1909f56bfc062723c751e8b465ee728b)  -> (artifact id: '3ed2702c38d11a1ba0b7b8807bd6dc40') in 0.005151 seconds 
========================================================================
Received Import Request.
  Time since last request: 1.667561 seconds.
  path: Assets/unity-chan!/Unity-chan! Model/SplashScreen/Scripts/SplashScreen.cs
  artifactKey: Guid(0e2c8af82d98445fd8434457bdfc49db) Importer(815301076,1909f56bfc062723c751e8b465ee728b)
Start importing Assets/unity-chan!/Unity-chan! Model/SplashScreen/Scripts/SplashScreen.cs using Guid(0e2c8af82d98445fd8434457bdfc49db) Importer(815301076,1909f56bfc062723c751e8b465ee728b)  -> (artifact id: '8497673b088268563467dec62d99b061') in 0.008357 seconds 
========================================================================
Received Import Request.
  Time since last request: 108.492397 seconds.
  path: Assets/unity-chan!/Unity-chan! Model/Prefabs/for Locomotion/CamPos.prefab
  artifactKey: Guid(65eb07d65eb184e13a4b388eced0d32b) Importer(815301076,1909f56bfc062723c751e8b465ee728b)
Start importing Assets/unity-chan!/Unity-chan! Model/Prefabs/for Locomotion/CamPos.prefab using Guid(65eb07d65eb184e13a4b388eced0d32b) Importer(815301076,1909f56bfc062723c751e8b465ee728b)  -> (artifact id: '5de0eb021dced13ac2dcfa8842f41faa') in 0.009430 seconds 
========================================================================
Received Import Request.
  Time since last request: 0.000018 seconds.
  path: Assets/unity-chan!/Unity-chan! Model/Prefabs/for Locomotion/LookAtPos.prefab
  artifactKey: Guid(efaf5c7817edc41d68744ffe3a3dbeb7) Importer(815301076,1909f56bfc062723c751e8b465ee728b)
Start importing Assets/unity-chan!/Unity-chan! Model/Prefabs/for Locomotion/LookAtPos.prefab using Guid(efaf5c7817edc41d68744ffe3a3dbeb7) Importer(815301076,1909f56bfc062723c751e8b465ee728b)  -> (artifact id: 'e81a23d49f2125538afcdca3972efc2f') in 0.008089 seconds 
========================================================================
Received Import Request.
  Time since last request: 0.000017 seconds.
  path: Assets/unity-chan!/Unity-chan! Model/Prefabs/for Locomotion/unitychan_dynamic_locomotion.prefab
  artifactKey: Guid(69c3ed15e9d13481e8f7dc4db5532fb6) Importer(815301076,1909f56bfc062723c751e8b465ee728b)
Start importing Assets/unity-chan!/Unity-chan! Model/Prefabs/for Locomotion/unitychan_dynamic_locomotion.prefab using Guid(69c3ed15e9d13481e8f7dc4db5532fb6) Importer(815301076,1909f56bfc062723c751e8b465ee728b)  -> (artifact id: '4f741aa1003005810eca1a1fb334c5dd') in 0.076627 seconds 
========================================================================
Received Import Request.
  Time since last request: 0.000041 seconds.
  path: Assets/unity-chan!/Unity-chan! Model/Prefabs/for Locomotion/Main Camera.prefab
  artifactKey: Guid(79674db77adfc4d6f9f17fb043493b1e) Importer(815301076,1909f56bfc062723c751e8b465ee728b)
Start importing Assets/unity-chan!/Unity-chan! Model/Prefabs/for Locomotion/Main Camera.prefab using Guid(79674db77adfc4d6f9f17fb043493b1e) Importer(815301076,1909f56bfc062723c751e8b465ee728b)  -> (artifact id: '3f1af28db66ff4af66e48553589a7f49') in 0.138479 seconds 
========================================================================
Received Import Request.
  Time since last request: 38.858365 seconds.
  path: Assets/unity-chan!/Unity-chan! Model/Documentation/ReadMe
  artifactKey: Guid(ecb329de41efa4b2fa04763f1b8ad282) Importer(815301076,1909f56bfc062723c751e8b465ee728b)
Start importing Assets/unity-chan!/Unity-chan! Model/Documentation/ReadMe using Guid(ecb329de41efa4b2fa04763f1b8ad282) Importer(815301076,1909f56bfc062723c751e8b465ee728b)  -> (artifact id: 'cf3a7aa598b5f206092b580ccf00a208') in 0.005756 seconds 
========================================================================
Received Import Request.
  Time since last request: 0.614327 seconds.
  path: Assets/unity-chan!/Unity-chan! Model/Documentation/UnityChanLicense2.0
  artifactKey: Guid(ad7ee9b345c64894095bcf3c288e6abb) Importer(815301076,1909f56bfc062723c751e8b465ee728b)
Start importing Assets/unity-chan!/Unity-chan! Model/Documentation/UnityChanLicense2.0 using Guid(ad7ee9b345c64894095bcf3c288e6abb) Importer(815301076,1909f56bfc062723c751e8b465ee728b)  -> (artifact id: '2358d49a71106c4c353ad7fe93460fd4') in 0.005162 seconds 
========================================================================
Received Import Request.
  Time since last request: 1.636356 seconds.
  path: Assets/unity-chan!/Unity-chan! Model/Documentation/UnityChanLicense2.0/Japanese
  artifactKey: Guid(dbee516262f1b6946905efc2f85c72c2) Importer(815301076,1909f56bfc062723c751e8b465ee728b)
Start importing Assets/unity-chan!/Unity-chan! Model/Documentation/UnityChanLicense2.0/Japanese using Guid(dbee516262f1b6946905efc2f85c72c2) Importer(815301076,1909f56bfc062723c751e8b465ee728b)  -> (artifact id: '6a087e4a9824a221477d4edec071a9b1') in 0.005558 seconds 
========================================================================
Received Import Request.
  Time since last request: 2.037831 seconds.
  path: Assets/unity-chan!/Unity-chan! Model/Documentation/UnityChanLicense2.0/Japanese/02Unity-Chan License Terms and Condition_Summary_JP_UCL2.0.pdf
  artifactKey: Guid(9f96030491104124fac9bfbe00bf8eea) Importer(815301076,1909f56bfc062723c751e8b465ee728b)
Start importing Assets/unity-chan!/Unity-chan! Model/Documentation/UnityChanLicense2.0/Japanese/02Unity-Chan License Terms and Condition_Summary_JP_UCL2.0.pdf using Guid(9f96030491104124fac9bfbe00bf8eea) Importer(815301076,1909f56bfc062723c751e8b465ee728b)  -> (artifact id: '902d5894a8d0c69335ed11c5fa867133') in 0.007552 seconds 
========================================================================
Received Import Request.
  Time since last request: 39.170736 seconds.
  path: Assets/unity-chan!/Unity-chan! Model/Art/Animations/FaceAnimation
  artifactKey: Guid(16657e62a84c243128b02e614c3e11a2) Importer(815301076,1909f56bfc062723c751e8b465ee728b)
Start importing Assets/unity-chan!/Unity-chan! Model/Art/Animations/FaceAnimation using Guid(16657e62a84c243128b02e614c3e11a2) Importer(815301076,1909f56bfc062723c751e8b465ee728b)  -> (artifact id: '69b34faa470fa394dc634d2ad5e599aa') in 0.006726 seconds 
========================================================================
Received Import Request.
  Time since last request: 6.003663 seconds.
  path: Assets/unity-chan!/Unity-chan! Model/Art/Animations/FaceAnimation/MTH_A.anim
  artifactKey: Guid(aaf4f40e5f852472f9eb781bef3a2c17) Importer(815301076,1909f56bfc062723c751e8b465ee728b)
Start importing Assets/unity-chan!/Unity-chan! Model/Art/Animations/FaceAnimation/MTH_A.anim using Guid(aaf4f40e5f852472f9eb781bef3a2c17) Importer(815301076,1909f56bfc062723c751e8b465ee728b)  -> (artifact id: 'bb2c5bbf6eb320b6065cef77c5326886') in 0.008060 seconds 
========================================================================
Received Import Request.
  Time since last request: 0.380312 seconds.
  path: Assets/unity-chan!/Unity-chan! Model/Art/Animations/FaceAnimation/angry2@unitychan.anim
  artifactKey: Guid(66c6a39c175f346f6b2e3016fa5ae35b) Importer(815301076,1909f56bfc062723c751e8b465ee728b)
Start importing Assets/unity-chan!/Unity-chan! Model/Art/Animations/FaceAnimation/angry2@unitychan.anim using Guid(66c6a39c175f346f6b2e3016fa5ae35b) Importer(815301076,1909f56bfc062723c751e8b465ee728b)  -> (artifact id: '9143948c7dd64553196d19212a9d40c5') in 0.007080 seconds 
========================================================================
Received Import Request.
  Time since last request: 0.250298 seconds.
  path: Assets/unity-chan!/Unity-chan! Model/Art/Animations/FaceAnimation/ASHAMED.anim
  artifactKey: Guid(3555863ff4ef948e298b8d11ea795ec4) Importer(815301076,1909f56bfc062723c751e8b465ee728b)
Start importing Assets/unity-chan!/Unity-chan! Model/Art/Animations/FaceAnimation/ASHAMED.anim using Guid(3555863ff4ef948e298b8d11ea795ec4) Importer(815301076,1909f56bfc062723c751e8b465ee728b)  -> (artifact id: '381c2e8d9a9a623294618e0251f2683d') in 0.005759 seconds 
========================================================================
Received Import Request.
  Time since last request: 0.596669 seconds.
  path: Assets/unity-chan!/Unity-chan! Model/Art/Animations/FaceAnimation/MTH_I.anim
  artifactKey: Guid(5da03c4c995e34f35a8c17702e9d6012) Importer(815301076,1909f56bfc062723c751e8b465ee728b)
Start importing Assets/unity-chan!/Unity-chan! Model/Art/Animations/FaceAnimation/MTH_I.anim using Guid(5da03c4c995e34f35a8c17702e9d6012) Importer(815301076,1909f56bfc062723c751e8b465ee728b)  -> (artifact id: '791840f62269ea3fc7ffebd327e8e72b') in 0.005922 seconds 
========================================================================
Received Import Request.
  Time since last request: 0.300592 seconds.
  path: Assets/unity-chan!/Unity-chan! Model/Art/Animations/FaceAnimation/conf@unitychan.anim
  artifactKey: Guid(2d64a878e09fc46ce9d3079357ebb3a5) Importer(815301076,1909f56bfc062723c751e8b465ee728b)
Start importing Assets/unity-chan!/Unity-chan! Model/Art/Animations/FaceAnimation/conf@unitychan.anim using Guid(2d64a878e09fc46ce9d3079357ebb3a5) Importer(815301076,1909f56bfc062723c751e8b465ee728b)  -> (artifact id: '1d850c51b4e9deec6138106bd9be4186') in 0.005340 seconds 
========================================================================
Received Prepare
Registering precompiled user dll's ...
Registered in 0.003993 seconds.
Begin MonoManager ReloadAssembly
Symbol file LoadedFromMemory doesn't match image C:\Metaverse_KYH\Unity\Creaters\Library\PackageCache\com.unity.visualscripting@1.7.8\Editor\VisualScripting.Core\Dependencies\YamlDotNet\Unity.VisualScripting.YamlDotNet.dll
Symbol file LoadedFromMemory doesn't match image C:\Metaverse_KYH\Unity\Creaters\Library\PackageCache\com.unity.visualscripting@1.7.8\Editor\VisualScripting.Core\Dependencies\DotNetZip\Unity.VisualScripting.IonicZip.dll
Native extension for WindowsStandalone target not found
Native extension for Android target not found
Refreshing native plugins compatible for Editor in 1.52 ms, found 3 plugins.
Preloading 0 native plugins for Editor in 0.00 ms.
Mono: successfully reloaded assembly
- Completed reload, in  0.935 seconds
Domain Reload Profiling:
	ReloadAssembly (936ms)
		BeginReloadAssembly (112ms)
			ExecutionOrderSort (0ms)
			DisableScriptedObjects (3ms)
			BackupInstance (0ms)
			ReleaseScriptingObjects (0ms)
			CreateAndSetChildDomain (34ms)
		EndReloadAssembly (753ms)
			LoadAssemblies (62ms)
			RebuildTransferFunctionScriptingTraits (0ms)
			SetupTypeCache (262ms)
			ReleaseScriptCaches (2ms)
			RebuildScriptCaches (42ms)
			SetupLoadedEditorAssemblies (335ms)
				LogAssemblyErrors (0ms)
				InitializePlatformSupportModulesInManaged (25ms)
				SetLoadedEditorAssemblies (1ms)
				RefreshPlugins (2ms)
				BeforeProcessingInitializeOnLoad (69ms)
				ProcessInitializeOnLoadAttributes (204ms)
				ProcessInitializeOnLoadMethodAttributes (30ms)
				AfterProcessingInitializeOnLoad (6ms)
				EditorAssembliesLoaded (0ms)
			ExecutionOrderSort2 (0ms)
			AwakeInstancesAfterBackupRestoration (6ms)
Platform modules already initialized, skipping
Refreshing native plugins compatible for Editor in 2.71 ms, found 3 plugins.
Preloading 0 native plugins for Editor in 0.00 ms.
Unloading 3376 Unused Serialized files (Serialized files now loaded: 0)
Unloading 20 unused Assets / (80.6 KB). Loaded Objects now: 3906.
Memory consumption went from 142.3 MB to 142.2 MB.
Total: 4.493300 ms (FindLiveObjects: 0.367700 ms CreateObjectMapping: 0.303700 ms MarkObjects: 3.602600 ms  DeleteObjects: 0.216900 ms)

AssetImportParameters requested are different than current active one (requested -> active):
  custom:video-decoder-ogg-theora: a1e56fd34408186e4bbccfd4996cb3dc -> 
  custom:container-muxer-webm: aa71ff27fc2769a1b78a27578f13a17b -> 
  custom:container-demuxer-webm: 4f35f7cbe854078d1ac9338744f61a02 -> 
  custom:video-encoder-webm-vp8: eb34c28f22e8b96e1ab97ce403110664 -> 
  custom:audio-encoder-webm-vorbis: bf7c407c2cedff20999df2af8eb42d56 -> 
  custom:framework-win-MediaFoundation: 216162199b28c13a410421893ffa2e32 -> 
  custom:container-demuxer-ogg: 62fdf1f143b41e24485cea50d1cbac27 -> 
  custom:video-decoder-webm-vp8: 9c59270c3fd7afecdb556c50c9e8de78 -> 
  custom:audio-decoder-ogg-vorbis: bf7c407c2cedff20999df2af8eb42d56 -> 
========================================================================
Received Import Request.
  Time since last request: 19.278653 seconds.
  path: Assets/unity-chan!/Unity-chan! Model/Art/Animations/FaceAnimation/MTH_E.anim
  artifactKey: Guid(63e3bd86527074923b9dc38ddb715245) Importer(815301076,1909f56bfc062723c751e8b465ee728b)
Start importing Assets/unity-chan!/Unity-chan! Model/Art/Animations/FaceAnimation/MTH_E.anim using Guid(63e3bd86527074923b9dc38ddb715245) Importer(815301076,1909f56bfc062723c751e8b465ee728b)  -> (artifact id: '2e62a1bd38dbedd5b9864d3ebd791145') in 0.019464 seconds 
========================================================================
Received Import Request.
  Time since last request: 0.821742 seconds.
  path: Assets/unity-chan!/Unity-chan! Model/Art/Animations/FaceAnimation/SURPRISE.anim
  artifactKey: Guid(a20620e3db1a64f2f9a3e3339b884479) Importer(815301076,1909f56bfc062723c751e8b465ee728b)
Start importing Assets/unity-chan!/Unity-chan! Model/Art/Animations/FaceAnimation/SURPRISE.anim using Guid(a20620e3db1a64f2f9a3e3339b884479) Importer(815301076,1909f56bfc062723c751e8b465ee728b)  -> (artifact id: '3d446c3f62127022798717cad2c045f4') in 0.005998 seconds 
========================================================================
Received Import Request.
  Time since last request: 15.120016 seconds.
  path: Assets/unity-chan!/Unity-chan! Model/Art/Models
  artifactKey: Guid(0651926009c11fa4b939d33f086c4028) Importer(815301076,1909f56bfc062723c751e8b465ee728b)
Start importing Assets/unity-chan!/Unity-chan! Model/Art/Models using Guid(0651926009c11fa4b939d33f086c4028) Importer(815301076,1909f56bfc062723c751e8b465ee728b)  -> (artifact id: '109a442748e8bb85528cd2403d6db6f9') in 0.004751 seconds 
========================================================================
Received Import Request.
  Time since last request: 867.642585 seconds.
  path: Assets/unity-chan!/Unity-chan! Model/Scenes/ActionCheck.unity
  artifactKey: Guid(82af19ed76a8ed74fb1dd5d45c780da8) Importer(815301076,1909f56bfc062723c751e8b465ee728b)
Start importing Assets/unity-chan!/Unity-chan! Model/Scenes/ActionCheck.unity using Guid(82af19ed76a8ed74fb1dd5d45c780da8) Importer(815301076,1909f56bfc062723c751e8b465ee728b)  -> (artifact id: 'd80329123066be585d5eb608730b4d85') in 0.006568 seconds 
========================================================================
Received Import Request.
  Time since last request: 1.945381 seconds.
  path: Assets/unity-chan!/Unity-chan! Model/Scenes/ARPoseTest.unity
  artifactKey: Guid(dc19d125674d55e4395fbb75f6d6f855) Importer(815301076,1909f56bfc062723c751e8b465ee728b)
Start importing Assets/unity-chan!/Unity-chan! Model/Scenes/ARPoseTest.unity using Guid(dc19d125674d55e4395fbb75f6d6f855) Importer(815301076,1909f56bfc062723c751e8b465ee728b)  -> (artifact id: 'edec41c9d92b3245dc11c30994c6e0bb') in 0.005404 seconds 
========================================================================
Received Import Request.
  Time since last request: 40.677563 seconds.
  path: Assets/unity-chan!/Unity-chan! Model/Scenes/Locomotion.unity
  artifactKey: Guid(957eefe92df624143ad9333b8bc01eb8) Importer(815301076,1909f56bfc062723c751e8b465ee728b)
Start importing Assets/unity-chan!/Unity-chan! Model/Scenes/Locomotion.unity using Guid(957eefe92df624143ad9333b8bc01eb8) Importer(815301076,1909f56bfc062723c751e8b465ee728b)  -> (artifact id: '01f2932a68a9a8f878d78f3cee4d0e19') in 0.006285 seconds 
========================================================================
Received Import Request.
  Time since last request: 1.782058 seconds.
  path: Assets/unity-chan!/Unity-chan! Model/Scenes/SecondaryAnimation.unity
  artifactKey: Guid(303d6058a98f643abb202d652ad2be31) Importer(815301076,1909f56bfc062723c751e8b465ee728b)
Start importing Assets/unity-chan!/Unity-chan! Model/Scenes/SecondaryAnimation.unity using Guid(303d6058a98f643abb202d652ad2be31) Importer(815301076,1909f56bfc062723c751e8b465ee728b)  -> (artifact id: '7b8bd59766b234858f82aec5957121d8') in 0.005558 seconds 
========================================================================
Received Import Request.
  Time since last request: 23.965045 seconds.
  path: Assets/unity-chan!/Unity-chan! Model/SplashScreen/SplashScreen_Dark.unity
  artifactKey: Guid(c340d6b0ee7f347b98ecab4430cc5df6) Importer(815301076,1909f56bfc062723c751e8b465ee728b)
Start importing Assets/unity-chan!/Unity-chan! Model/SplashScreen/SplashScreen_Dark.unity using Guid(c340d6b0ee7f347b98ecab4430cc5df6) Importer(815301076,1909f56bfc062723c751e8b465ee728b)  -> (artifact id: '5bdbb8e8853facb32ca18e814d513748') in 0.005489 seconds 
========================================================================
Received Import Request.
  Time since last request: 1.148090 seconds.
  path: Assets/unity-chan!/Unity-chan! Model/SplashScreen/SplashScreen_Light.unity
  artifactKey: Guid(3ad4f8c442f444c5e966898c99704b0f) Importer(815301076,1909f56bfc062723c751e8b465ee728b)
Start importing Assets/unity-chan!/Unity-chan! Model/SplashScreen/SplashScreen_Light.unity using Guid(3ad4f8c442f444c5e966898c99704b0f) Importer(815301076,1909f56bfc062723c751e8b465ee728b)  -> (artifact id: '0f31e4634217d3105cb292700c1e4cdb') in 0.005322 seconds 
========================================================================
Received Import Request.
  Time since last request: 227.600113 seconds.
  path: Assets/unity-chan!/Unity-chan! Model/SplashScreen/Animators/SplashScreen.controller
  artifactKey: Guid(a37f6aca9c6bf45fa819c001b4e8016e) Importer(815301076,1909f56bfc062723c751e8b465ee728b)
Start importing Assets/unity-chan!/Unity-chan! Model/SplashScreen/Animators/SplashScreen.controller using Guid(a37f6aca9c6bf45fa819c001b4e8016e) Importer(815301076,1909f56bfc062723c751e8b465ee728b)  -> (artifact id: 'b5f7b669642719c80c8f82b97acfcd75') in 0.005146 seconds 
