Using pre-set license
Built from '2021.3/staging' branch; Version is '2021.3.5f1 (40eb3a945986) revision 4254522'; Using compiler version '192829333'; Build Type 'Release'
OS: 'Windows 10  (10.0.19044) 64bit Professional' Language: 'ko' Physical Memory: 15659 MB
BatchMode: 1, IsHumanControllingUs: 0, StartBugReporterOnCrash: 0, Is64bit: 1, IsPro: 1

COMMAND LINE ARGUMENTS:
C:\2021.3.5f1\Editor\Unity.exe
-adb2
-batchMode
-noUpm
-name
AssetImportWorker1
-projectPath
C:/Metaverse_KYH/Unity/UI_Practice
-logFile
Logs/AssetImportWorker1.log
-srvPort
60233
Successfully changed project path to: C:/Metaverse_KYH/Unity/UI_Practice
C:/Metaverse_KYH/Unity/UI_Practice
[UnityMemory] Configuration Parameters - Can be set up in boot.config
    "memorysetup-bucket-allocator-granularity=16"
    "memorysetup-bucket-allocator-bucket-count=8"
    "memorysetup-bucket-allocator-block-size=33554432"
    "memorysetup-bucket-allocator-block-count=8"
    "memorysetup-main-allocator-block-size=16777216"
    "memorysetup-thread-allocator-block-size=16777216"
    "memorysetup-gfx-main-allocator-block-size=16777216"
    "memorysetup-gfx-thread-allocator-block-size=16777216"
    "memorysetup-cache-allocator-block-size=4194304"
    "memorysetup-typetree-allocator-block-size=2097152"
    "memorysetup-profiler-bucket-allocator-granularity=16"
    "memorysetup-profiler-bucket-allocator-bucket-count=8"
    "memorysetup-profiler-bucket-allocator-block-size=33554432"
    "memorysetup-profiler-bucket-allocator-block-count=8"
    "memorysetup-profiler-allocator-block-size=16777216"
    "memorysetup-profiler-editor-allocator-block-size=1048576"
    "memorysetup-temp-allocator-size-main=16777216"
    "memorysetup-job-temp-allocator-block-size=2097152"
    "memorysetup-job-temp-allocator-block-size-background=1048576"
    "memorysetup-job-temp-allocator-reduction-small-platforms=262144"
    "memorysetup-temp-allocator-size-background-worker=32768"
    "memorysetup-temp-allocator-size-job-worker=262144"
    "memorysetup-temp-allocator-size-preload-manager=33554432"
    "memorysetup-temp-allocator-size-nav-mesh-worker=65536"
    "memorysetup-temp-allocator-size-audio-worker=65536"
    "memorysetup-temp-allocator-size-cloud-worker=32768"
    "memorysetup-temp-allocator-size-gi-baking-worker=262144"
    "memorysetup-temp-allocator-size-gfx=262144"
Refreshing native plugins compatible for Editor in 69.20 ms, found 3 plugins.
Preloading 0 native plugins for Editor in 0.00 ms.
Initialize engine version: 2021.3.5f1 (40eb3a945986)
[Subsystems] Discovering subsystems at path C:/2021.3.5f1/Editor/Data/Resources/UnitySubsystems
[Subsystems] Discovering subsystems at path C:/Metaverse_KYH/Unity/UI_Practice/Assets
GfxDevice: creating device client; threaded=0; jobified=0
Direct3D:
    Version:  Direct3D 11.0 [level 11.1]
    Renderer: AMD Radeon(TM) Graphics (ID=0x1638)
    Vendor:   ATI
    VRAM:     7829 MB
    Driver:   30.0.13014.8
Initialize mono
Mono path[0] = 'C:/2021.3.5f1/Editor/Data/Managed'
Mono path[1] = 'C:/2021.3.5f1/Editor/Data/MonoBleedingEdge/lib/mono/unityjit-win32'
Mono config path = 'C:/2021.3.5f1/Editor/Data/MonoBleedingEdge/etc'
Using monoOptions --debugger-agent=transport=dt_socket,embedding=1,server=y,suspend=n,address=127.0.0.1:56708
Begin MonoManager ReloadAssembly
Registering precompiled unity dll's ...
Register platform support module: C:/2021.3.5f1/Editor/Data/PlaybackEngines/AndroidPlayer/UnityEditor.Android.Extensions.dll
Register platform support module: C:/2021.3.5f1/Editor/Data/PlaybackEngines/WindowsStandaloneSupport/UnityEditor.WindowsStandalone.Extensions.dll
Register platform support module: C:/2021.3.5f1/Editor/Data/PlaybackEngines/MetroSupport/UnityEditor.UWP.Extensions.dll
Registered in 0.004766 seconds.
Native extension for UWP target not found
Native extension for WindowsStandalone target not found
Native extension for Android target not found
Refreshing native plugins compatible for Editor in 66.55 ms, found 3 plugins.
Preloading 0 native plugins for Editor in 0.00 ms.
Mono: successfully reloaded assembly
- Completed reload, in  0.542 seconds
Domain Reload Profiling:
	ReloadAssembly (542ms)
		BeginReloadAssembly (62ms)
			ExecutionOrderSort (0ms)
			DisableScriptedObjects (0ms)
			BackupInstance (0ms)
			ReleaseScriptingObjects (0ms)
			CreateAndSetChildDomain (1ms)
		EndReloadAssembly (393ms)
			LoadAssemblies (61ms)
			RebuildTransferFunctionScriptingTraits (0ms)
			SetupTypeCache (98ms)
			ReleaseScriptCaches (0ms)
			RebuildScriptCaches (20ms)
			SetupLoadedEditorAssemblies (230ms)
				LogAssemblyErrors (0ms)
				InitializePlatformSupportModulesInManaged (51ms)
				SetLoadedEditorAssemblies (0ms)
				RefreshPlugins (67ms)
				BeforeProcessingInitializeOnLoad (2ms)
				ProcessInitializeOnLoadAttributes (77ms)
				ProcessInitializeOnLoadMethodAttributes (34ms)
				AfterProcessingInitializeOnLoad (0ms)
				EditorAssembliesLoaded (0ms)
			ExecutionOrderSort2 (0ms)
			AwakeInstancesAfterBackupRestoration (0ms)
Platform modules already initialized, skipping
Registering precompiled user dll's ...
Registered in 0.005645 seconds.
Begin MonoManager ReloadAssembly
Symbol file LoadedFromMemory doesn't match image C:\Metaverse_KYH\Unity\UI_Practice\Library\PackageCache\com.unity.visualscripting@1.7.8\Editor\VisualScripting.Core\Dependencies\YamlDotNet\Unity.VisualScripting.YamlDotNet.dll
Symbol file LoadedFromMemory doesn't match image C:\Metaverse_KYH\Unity\UI_Practice\Library\PackageCache\com.unity.visualscripting@1.7.8\Editor\VisualScripting.Core\Dependencies\DotNetZip\Unity.VisualScripting.IonicZip.dll
Native extension for UWP target not found
Native extension for WindowsStandalone target not found
Native extension for Android target not found
Refreshing native plugins compatible for Editor in 0.61 ms, found 3 plugins.
Preloading 0 native plugins for Editor in 0.00 ms.
Mono: successfully reloaded assembly
- Completed reload, in  0.900 seconds
Domain Reload Profiling:
	ReloadAssembly (901ms)
		BeginReloadAssembly (194ms)
			ExecutionOrderSort (0ms)
			DisableScriptedObjects (5ms)
			BackupInstance (0ms)
			ReleaseScriptingObjects (0ms)
			CreateAndSetChildDomain (121ms)
		EndReloadAssembly (616ms)
			LoadAssemblies (65ms)
			RebuildTransferFunctionScriptingTraits (0ms)
			SetupTypeCache (192ms)
			ReleaseScriptCaches (1ms)
			RebuildScriptCaches (36ms)
			SetupLoadedEditorAssemblies (293ms)
				LogAssemblyErrors (0ms)
				InitializePlatformSupportModulesInManaged (12ms)
				SetLoadedEditorAssemblies (0ms)
				RefreshPlugins (1ms)
				BeforeProcessingInitializeOnLoad (72ms)
				ProcessInitializeOnLoadAttributes (179ms)
				ProcessInitializeOnLoadMethodAttributes (22ms)
				AfterProcessingInitializeOnLoad (7ms)
				EditorAssembliesLoaded (0ms)
			ExecutionOrderSort2 (0ms)
			AwakeInstancesAfterBackupRestoration (4ms)
Platform modules already initialized, skipping
========================================================================
Worker process is ready to serve import requests
Launched and connected shader compiler UnityShaderCompiler.exe after 0.20 seconds
Refreshing native plugins compatible for Editor in 0.57 ms, found 3 plugins.
Preloading 0 native plugins for Editor in 0.00 ms.
Unloading 3368 Unused Serialized files (Serialized files now loaded: 0)
Unloading 27 unused Assets / (110.9 KB). Loaded Objects now: 3826.
Memory consumption went from 115.9 MB to 115.7 MB.
Total: 2.525300 ms (FindLiveObjects: 0.226400 ms CreateObjectMapping: 0.079300 ms MarkObjects: 2.134900 ms  DeleteObjects: 0.084100 ms)

AssetImportParameters requested are different than current active one (requested -> active):
  custom:video-decoder-ogg-theora: a1e56fd34408186e4bbccfd4996cb3dc -> 
  custom:container-muxer-webm: aa71ff27fc2769a1b78a27578f13a17b -> 
  custom:container-demuxer-webm: 4f35f7cbe854078d1ac9338744f61a02 -> 
  custom:video-encoder-webm-vp8: eb34c28f22e8b96e1ab97ce403110664 -> 
  custom:audio-encoder-webm-vorbis: bf7c407c2cedff20999df2af8eb42d56 -> 
  custom:framework-win-MediaFoundation: 216162199b28c13a410421893ffa2e32 -> 
  custom:container-demuxer-ogg: 62fdf1f143b41e24485cea50d1cbac27 -> 
  custom:video-decoder-webm-vp8: 9c59270c3fd7afecdb556c50c9e8de78 -> 
  custom:audio-decoder-ogg-vorbis: bf7c407c2cedff20999df2af8eb42d56 -> 
========================================================================
Received Prepare
Refreshing native plugins compatible for Editor in 3.40 ms, found 3 plugins.
Preloading 0 native plugins for Editor in 0.00 ms.
Unloading 20 Unused Serialized files (Serialized files now loaded: 0)
Unloading 20 unused Assets / (75.4 KB). Loaded Objects now: 3826.
Memory consumption went from 48.7 MB to 48.6 MB.
Total: 2.500000 ms (FindLiveObjects: 0.221300 ms CreateObjectMapping: 0.076100 ms MarkObjects: 2.136400 ms  DeleteObjects: 0.065600 ms)

AssetImportParameters requested are different than current active one (requested -> active):
  custom:video-decoder-ogg-theora: a1e56fd34408186e4bbccfd4996cb3dc -> 
  custom:container-muxer-webm: aa71ff27fc2769a1b78a27578f13a17b -> 
  custom:container-demuxer-webm: 4f35f7cbe854078d1ac9338744f61a02 -> 
  custom:video-encoder-webm-vp8: eb34c28f22e8b96e1ab97ce403110664 -> 
  custom:audio-encoder-webm-vorbis: bf7c407c2cedff20999df2af8eb42d56 -> 
  custom:framework-win-MediaFoundation: 216162199b28c13a410421893ffa2e32 -> 
  custom:SearchIndexIgnoredProperties: e643bd26f0fe6173181afceb89e7c659 -> 
  custom:container-demuxer-ogg: 62fdf1f143b41e24485cea50d1cbac27 -> 
  custom:video-decoder-webm-vp8: 9c59270c3fd7afecdb556c50c9e8de78 -> 
  custom:audio-decoder-ogg-vorbis: bf7c407c2cedff20999df2af8eb42d56 -> 
========================================================================
Received Import Request.
  Time since last request: 4119.594905 seconds.
  path: Assets/FantasyMonster/Skeleton/Character
  artifactKey: Guid(dbc33316978869a4288161585f7b18c1) Importer(2089858483,0ecaa5967403d082aa24f35e1b516d23)
Start importing Assets/FantasyMonster/Skeleton/Character using Guid(dbc33316978869a4288161585f7b18c1) Importer(2089858483,0ecaa5967403d082aa24f35e1b516d23) Generated GUIDs only implemented for interfaces!
 -> (artifact id: '9fe6da2a724a8ecfa9c26f7f9c589d82') in 0.311817 seconds 
========================================================================
Received Import Request.
  Time since last request: 0.000557 seconds.
  path: Assets/asoliddev - Low Poly Fantasy Warrior/Materials/hair black.mat
  artifactKey: Guid(3de20cd2bfe6ad54995bad6ff86711bd) Importer(2089858483,0ecaa5967403d082aa24f35e1b516d23)
Start importing Assets/asoliddev - Low Poly Fantasy Warrior/Materials/hair black.mat using Guid(3de20cd2bfe6ad54995bad6ff86711bd) Importer(2089858483,0ecaa5967403d082aa24f35e1b516d23) Generated GUIDs only implemented for interfaces!
 -> (artifact id: 'dfc1c60d9b1a786c4c268bcd012c0b8e') in 0.330507 seconds 
========================================================================
Received Import Request.
  Time since last request: 0.000048 seconds.
  path: Assets/Ladymito/Free_cat/Animations
  artifactKey: Guid(e80b5d1c4594a7b45a61dcac35bdf950) Importer(2089858483,0ecaa5967403d082aa24f35e1b516d23)
Start importing Assets/Ladymito/Free_cat/Animations using Guid(e80b5d1c4594a7b45a61dcac35bdf950) Importer(2089858483,0ecaa5967403d082aa24f35e1b516d23) Generated GUIDs only implemented for interfaces!
 -> (artifact id: '7c7f93dd6d1bba7d68caa0ae36a4a821') in 0.051530 seconds 
========================================================================
Received Import Request.
  Time since last request: 0.000037 seconds.
  path: Assets/Ladymito/Free_cat/Materials/cat_material.mat
  artifactKey: Guid(47090793e93c4c948b61cbd5422d34cd) Importer(2089858483,0ecaa5967403d082aa24f35e1b516d23)
Start importing Assets/Ladymito/Free_cat/Materials/cat_material.mat using Guid(47090793e93c4c948b61cbd5422d34cd) Importer(2089858483,0ecaa5967403d082aa24f35e1b516d23) Generated GUIDs only implemented for interfaces!
 -> (artifact id: '8d0035c9099a6c817868ce5197b7f1db') in 0.064775 seconds 
========================================================================
Received Import Request.
  Time since last request: 0.000189 seconds.
  path: Assets/FantasyMonster
  artifactKey: Guid(1daed21f44aeb6746929f793b6b18b6d) Importer(2089858483,0ecaa5967403d082aa24f35e1b516d23)
Start importing Assets/FantasyMonster using Guid(1daed21f44aeb6746929f793b6b18b6d) Importer(2089858483,0ecaa5967403d082aa24f35e1b516d23) Generated GUIDs only implemented for interfaces!
 -> (artifact id: '3655586dc35c77aa208d718cac5c80c4') in 0.054553 seconds 
========================================================================
Received Import Request.
  Time since last request: 0.000072 seconds.
  path: Assets/FantasyMonster/Skeleton/Character/Materials
  artifactKey: Guid(57771735c2d408546b12468ca95101e9) Importer(2089858483,0ecaa5967403d082aa24f35e1b516d23)
Start importing Assets/FantasyMonster/Skeleton/Character/Materials using Guid(57771735c2d408546b12468ca95101e9) Importer(2089858483,0ecaa5967403d082aa24f35e1b516d23) Generated GUIDs only implemented for interfaces!
 -> (artifact id: 'a3dd9f9efeabd8c8e3763ef2ba3b7c9f') in 0.043444 seconds 
========================================================================
Received Import Request.
  Time since last request: 0.000047 seconds.
  path: Assets/FantasyMonster/Skeleton/Ani
  artifactKey: Guid(57be930711ada0a409e4d9129498087a) Importer(2089858483,0ecaa5967403d082aa24f35e1b516d23)
Start importing Assets/FantasyMonster/Skeleton/Ani using Guid(57be930711ada0a409e4d9129498087a) Importer(2089858483,0ecaa5967403d082aa24f35e1b516d23) Generated GUIDs only implemented for interfaces!
 -> (artifact id: '61504de02faa9118c5b1c6e044573745') in 0.058366 seconds 
========================================================================
Received Import Request.
  Time since last request: 0.000072 seconds.
  path: Assets/FantasyMonster/Skeleton/Character/Skeleton@Skin.FBX
  artifactKey: Guid(5a35c5f0a89b9654d897ccd7c8f81bd0) Importer(2089858483,0ecaa5967403d082aa24f35e1b516d23)
Start importing Assets/FantasyMonster/Skeleton/Character/Skeleton@Skin.FBX using Guid(5a35c5f0a89b9654d897ccd7c8f81bd0) Importer(2089858483,0ecaa5967403d082aa24f35e1b516d23) Generated GUIDs only implemented for interfaces!
 -> (artifact id: '2751a7bcb6fec475762d48b08c7fc60a') in 0.100807 seconds 
========================================================================
Received Import Request.
  Time since last request: 0.000025 seconds.
  path: Assets/Ladymito
  artifactKey: Guid(1dab4a318a644ce458f77018f1156554) Importer(2089858483,0ecaa5967403d082aa24f35e1b516d23)
Start importing Assets/Ladymito using Guid(1dab4a318a644ce458f77018f1156554) Importer(2089858483,0ecaa5967403d082aa24f35e1b516d23) Generated GUIDs only implemented for interfaces!
 -> (artifact id: '3cc8f14ab405cdb67ae95bd46b24917d') in 0.009876 seconds 
========================================================================
Received Import Request.
  Time since last request: 0.000034 seconds.
  path: Assets/asoliddev - Low Poly Fantasy Warrior/Materials/leather 5.mat
  artifactKey: Guid(921663dfebf9c824f8503f6b137800de) Importer(2089858483,0ecaa5967403d082aa24f35e1b516d23)
Start importing Assets/asoliddev - Low Poly Fantasy Warrior/Materials/leather 5.mat using Guid(921663dfebf9c824f8503f6b137800de) Importer(2089858483,0ecaa5967403d082aa24f35e1b516d23) Generated GUIDs only implemented for interfaces!
 -> (artifact id: '1da802b0f15d0526d80c5572a1e9b7be') in 0.014849 seconds 
========================================================================
Received Import Request.
  Time since last request: 0.000050 seconds.
  path: Assets/asoliddev - Low Poly Fantasy Warrior/Prefabs/axe.prefab
  artifactKey: Guid(f2532f10600de29418d706af66b4b7d3) Importer(2089858483,0ecaa5967403d082aa24f35e1b516d23)
Start importing Assets/asoliddev - Low Poly Fantasy Warrior/Prefabs/axe.prefab using Guid(f2532f10600de29418d706af66b4b7d3) Importer(2089858483,0ecaa5967403d082aa24f35e1b516d23) Generated GUIDs only implemented for interfaces!
 -> (artifact id: 'bf9696495e1559d64279cd8e78764a61') in 0.023657 seconds 
========================================================================
Received Import Request.
  Time since last request: 0.000029 seconds.
  path: Assets/asoliddev - Low Poly Fantasy Warrior/Materials
  artifactKey: Guid(ecf3dc318d153e1489c941f201a632c0) Importer(2089858483,0ecaa5967403d082aa24f35e1b516d23)
Start importing Assets/asoliddev - Low Poly Fantasy Warrior/Materials using Guid(ecf3dc318d153e1489c941f201a632c0) Importer(2089858483,0ecaa5967403d082aa24f35e1b516d23) Generated GUIDs only implemented for interfaces!
 -> (artifact id: 'd41fc3b8dcef618c2a02ad3f6079f1f6') in 0.011595 seconds 
========================================================================
Received Import Request.
  Time since last request: 0.000029 seconds.
  path: Assets/Ladymito/Free_cat/Textures/cat_diffuse.png
  artifactKey: Guid(f88843fb1a12c034ea29c4fdba25c5bd) Importer(2089858483,0ecaa5967403d082aa24f35e1b516d23)
Start importing Assets/Ladymito/Free_cat/Textures/cat_diffuse.png using Guid(f88843fb1a12c034ea29c4fdba25c5bd) Importer(2089858483,0ecaa5967403d082aa24f35e1b516d23) Generated GUIDs only implemented for interfaces!
 -> (artifact id: '6e2c5a8fec9442d976097689ed8628f3') in 0.117140 seconds 
========================================================================
Received Import Request.
  Time since last request: 0.000038 seconds.
  path: Assets/Ladymito/Free_cat/Prefabs
  artifactKey: Guid(b4ecc9f0b70e5f44fa52dfa1df1d8487) Importer(2089858483,0ecaa5967403d082aa24f35e1b516d23)
Start importing Assets/Ladymito/Free_cat/Prefabs using Guid(b4ecc9f0b70e5f44fa52dfa1df1d8487) Importer(2089858483,0ecaa5967403d082aa24f35e1b516d23) Generated GUIDs only implemented for interfaces!
 -> (artifact id: '4c8744da52798c130b9efa16f74f94e4') in 0.016862 seconds 
========================================================================
Received Import Request.
  Time since last request: 0.000043 seconds.
  path: Assets/FantasyMonster/Skeleton/Character/Materials/skeleton_D.mat
  artifactKey: Guid(ed14df0368fe53543907335c0e3902c6) Importer(2089858483,0ecaa5967403d082aa24f35e1b516d23)
Start importing Assets/FantasyMonster/Skeleton/Character/Materials/skeleton_D.mat using Guid(ed14df0368fe53543907335c0e3902c6) Importer(2089858483,0ecaa5967403d082aa24f35e1b516d23) Generated GUIDs only implemented for interfaces!
 -> (artifact id: '574172ee2036f81100bcb89fe1ac4201') in 0.028624 seconds 
========================================================================
Received Import Request.
  Time since last request: 0.000084 seconds.
  path: Assets/Ladymito/Free_cat/Prefabs/cat.prefab
  artifactKey: Guid(076879464bd682945aa7cd31ae139a36) Importer(2089858483,0ecaa5967403d082aa24f35e1b516d23)
Start importing Assets/Ladymito/Free_cat/Prefabs/cat.prefab using Guid(076879464bd682945aa7cd31ae139a36) Importer(2089858483,0ecaa5967403d082aa24f35e1b516d23) Generated GUIDs only implemented for interfaces!
 -> (artifact id: '497a7b71835b3aac7282d1279b3885af') in 0.012448 seconds 
========================================================================
Received Import Request.
  Time since last request: 0.000039 seconds.
  path: Assets/Ladymito/Free_cat/Textures
  artifactKey: Guid(c9b55bd5582d31441b11816b8cb5399f) Importer(2089858483,0ecaa5967403d082aa24f35e1b516d23)
Start importing Assets/Ladymito/Free_cat/Textures using Guid(c9b55bd5582d31441b11816b8cb5399f) Importer(2089858483,0ecaa5967403d082aa24f35e1b516d23) Generated GUIDs only implemented for interfaces!
 -> (artifact id: '153d7c23f36142e4596ade6beb48d6e8') in 0.016394 seconds 
========================================================================
Received Import Request.
  Time since last request: 0.000034 seconds.
  path: Assets/asoliddev - Low Poly Fantasy Warrior/pose.controller
  artifactKey: Guid(47f29fac49912c84b964c579169fe933) Importer(2089858483,0ecaa5967403d082aa24f35e1b516d23)
Start importing Assets/asoliddev - Low Poly Fantasy Warrior/pose.controller using Guid(47f29fac49912c84b964c579169fe933) Importer(2089858483,0ecaa5967403d082aa24f35e1b516d23) Generated GUIDs only implemented for interfaces!
 -> (artifact id: '85f9b03ce31b7f0a4e8ebf8f285aa343') in 0.021170 seconds 
========================================================================
Received Import Request.
  Time since last request: 0.000031 seconds.
  path: Assets/asoliddev - Low Poly Fantasy Warrior
  artifactKey: Guid(b85c742a6e4a7804d8f11ed78d90c102) Importer(2089858483,0ecaa5967403d082aa24f35e1b516d23)
Start importing Assets/asoliddev - Low Poly Fantasy Warrior using Guid(b85c742a6e4a7804d8f11ed78d90c102) Importer(2089858483,0ecaa5967403d082aa24f35e1b516d23) Generated GUIDs only implemented for interfaces!
 -> (artifact id: 'baa50339aa20b7b08a94095b52323b9c') in 0.036957 seconds 
========================================================================
Received Import Request.
  Time since last request: 0.000032 seconds.
  path: Assets/asoliddev - Low Poly Fantasy Warrior/Materials/leather.mat
  artifactKey: Guid(017e81f8bd6f5994badfeaa2e70a9646) Importer(2089858483,0ecaa5967403d082aa24f35e1b516d23)
Start importing Assets/asoliddev - Low Poly Fantasy Warrior/Materials/leather.mat using Guid(017e81f8bd6f5994badfeaa2e70a9646) Importer(2089858483,0ecaa5967403d082aa24f35e1b516d23) Generated GUIDs only implemented for interfaces!
 -> (artifact id: 'f03b3a3b4b4ddc07783febed3a29b489') in 0.023376 seconds 
========================================================================
Received Import Request.
  Time since last request: 0.000046 seconds.
  path: Assets/asoliddev - Low Poly Fantasy Warrior/Models/Low Poly Warrior.fbx
  artifactKey: Guid(e53c0edb812c5344698949e4671d1a2c) Importer(2089858483,0ecaa5967403d082aa24f35e1b516d23)
Start importing Assets/asoliddev - Low Poly Fantasy Warrior/Models/Low Poly Warrior.fbx using Guid(e53c0edb812c5344698949e4671d1a2c) Importer(2089858483,0ecaa5967403d082aa24f35e1b516d23) Generated GUIDs only implemented for interfaces!
 -> (artifact id: '2b0a5bf63f7152d28cfa36aa2808e9d5') in 0.195776 seconds 
